# JRE version: Java(TM) SE Runtime Environment (19.0.2+7) (build 19.0.2+7-44)
# Java VM: Java HotSpot(TM) 64-Bit Server VM (19.0.2+7-44, mixed mode, sharing, tiered, compressed oops, compressed class ptrs, g1 gc, windows-amd64)
GC Precious Log:
 CardTable entry size: 512
 Card Set container configuration: InlinePtr #cards 5 size 8 Array Of Cards #cards 12 size 40 Howl #buckets 4 coarsen threshold 1843 Howl Bitmap #cards 512 size 80 coarsen threshold 460 Card regions per heap region 1 cards per card region 2048
 CPUs: 8 total, 8 available
 Memory: 3418M
 Large Page Support: Disabled
 NUMA Support: Disabled
 Compressed Oops: Enabled (32-bit)
 Heap Region Size: 1M
 Heap Min Capacity: 8M
 Heap Initial Capacity: 54M
 Heap Max Capacity: 856M
 Pre-touch: Disabled
 Parallel Workers: 8
 Concurrent Workers: 2
 Concurrent Refinement Workers: 8
 Periodic GC: Disabled
Heap:
 garbage-first heap   total 51200K, used 31030K [0x00000000ca800000, 0x0000000100000000)
  region size 1024K, 12 young (12288K), 2 survivors (2048K)
 Metaspace       used 49700K, committed 50304K, reserved 1114112K
  class space    used 6548K, committed 6848K, reserved 1048576K
GC Heap History (20 events):
Event: 2.558 GC heap before
{Heap before GC invocations=2 (full 0):
 garbage-first heap   total 55296K, used 29018K [0x00000000ca800000, 0x0000000100000000)
  region size 1024K, 23 young (23552K), 2 survivors (2048K)
 Metaspace       used 16357K, committed 16640K, reserved 1114112K
  class space    used 1975K, committed 2112K, reserved 1048576K
}
Event: 2.562 GC heap after
{Heap after GC invocations=3 (full 0):
 garbage-first heap   total 55296K, used 10604K [0x00000000ca800000, 0x0000000100000000)
  region size 1024K, 3 young (3072K), 3 survivors (3072K)
 Metaspace       used 16357K, committed 16640K, reserved 1114112K
  class space    used 1975K, committed 2112K, reserved 1048576K
}
Event: 3.139 GC heap before
{Heap before GC invocations=3 (full 0):
 garbage-first heap   total 55296K, used 32108K [0x00000000ca800000, 0x0000000100000000)
  region size 1024K, 25 young (25600K), 3 survivors (3072K)
 Metaspace       used 19984K, committed 20288K, reserved 1114112K
  class space    used 2442K, committed 2560K, reserved 1048576K
}
Event: 3.143 GC heap after
{Heap after GC invocations=4 (full 0):
 garbage-first heap   total 55296K, used 12497K [0x00000000ca800000, 0x0000000100000000)
  region size 1024K, 4 young (4096K), 4 survivors (4096K)
 Metaspace       used 19984K, committed 20288K, reserved 1114112K
  class space    used 2442K, committed 2560K, reserved 1048576K
}
Event: 3.435 GC heap before
{Heap before GC invocations=4 (full 0):
 garbage-first heap   total 55296K, used 21713K [0x00000000ca800000, 0x0000000100000000)
  region size 1024K, 14 young (14336K), 4 survivors (4096K)
 Metaspace       used 21286K, committed 21504K, reserved 1114112K
  class space    used 2602K, committed 2688K, reserved 1048576K
}
Event: 3.439 GC heap after
{Heap after GC invocations=5 (full 0):
 garbage-first heap   total 55296K, used 12887K [0x00000000ca800000, 0x0000000100000000)
  region size 1024K, 3 young (3072K), 3 survivors (3072K)
 Metaspace       used 21286K, committed 21504K, reserved 1114112K
  class space    used 2602K, committed 2688K, reserved 1048576K
}
Event: 4.245 GC heap before
{Heap before GC invocations=6 (full 0):
 garbage-first heap   total 51200K, used 37463K [0x00000000ca800000, 0x0000000100000000)
  region size 1024K, 27 young (27648K), 3 survivors (3072K)
 Metaspace       used 25363K, committed 25728K, reserved 1114112K
  class space    used 3186K, committed 3392K, reserved 1048576K
}
Event: 4.250 GC heap after
{Heap after GC invocations=7 (full 0):
 garbage-first heap   total 51200K, used 15050K [0x00000000ca800000, 0x0000000100000000)
  region size 1024K, 4 young (4096K), 4 survivors (4096K)
 Metaspace       used 25363K, committed 25728K, reserved 1114112K
  class space    used 3186K, committed 3392K, reserved 1048576K
}
Event: 4.282 GC heap before
{Heap before GC invocations=7 (full 0):
 garbage-first heap   total 51200K, used 16074K [0x00000000ca800000, 0x0000000100000000)
  region size 1024K, 5 young (5120K), 4 survivors (4096K)
 Metaspace       used 25470K, committed 25856K, reserved 1114112K
  class space    used 3201K, committed 3392K, reserved 1048576K
}
Event: 4.285 GC heap after
{Heap after GC invocations=8 (full 0):
 garbage-first heap   total 51200K, used 15551K [0x00000000ca800000, 0x0000000100000000)
  region size 1024K, 1 young (1024K), 1 survivors (1024K)
 Metaspace       used 25470K, committed 25856K, reserved 1114112K
  class space    used 3201K, committed 3392K, reserved 1048576K
}
Event: 5.033 GC heap before
{Heap before GC invocations=8 (full 0):
 garbage-first heap   total 51200K, used 36031K [0x00000000ca800000, 0x0000000100000000)
  region size 1024K, 22 young (22528K), 1 survivors (1024K)
 Metaspace       used 29735K, committed 30272K, reserved 1114112K
  class space    used 3738K, committed 3968K, reserved 1048576K
}
Event: 5.036 GC heap after
{Heap after GC invocations=9 (full 0):
 garbage-first heap   total 51200K, used 17322K [0x00000000ca800000, 0x0000000100000000)
  region size 1024K, 3 young (3072K), 3 survivors (3072K)
 Metaspace       used 29735K, committed 30272K, reserved 1114112K
  class space    used 3738K, committed 3968K, reserved 1048576K
}
Event: 5.550 GC heap before
{Heap before GC invocations=9 (full 0):
 garbage-first heap   total 51200K, used 35754K [0x00000000ca800000, 0x0000000100000000)
  region size 1024K, 22 young (22528K), 3 survivors (3072K)
 Metaspace       used 32872K, committed 33408K, reserved 1114112K
  class space    used 4125K, committed 4352K, reserved 1048576K
}
Event: 5.553 GC heap after
{Heap after GC invocations=10 (full 0):
 garbage-first heap   total 51200K, used 18800K [0x00000000ca800000, 0x0000000100000000)
  region size 1024K, 2 young (2048K), 2 survivors (2048K)
 Metaspace       used 32872K, committed 33408K, reserved 1114112K
  class space    used 4125K, committed 4352K, reserved 1048576K
}
Event: 5.871 GC heap before
{Heap before GC invocations=10 (full 0):
 garbage-first heap   total 51200K, used 28016K [0x00000000ca800000, 0x0000000100000000)
  region size 1024K, 12 young (12288K), 2 survivors (2048K)
 Metaspace       used 35557K, committed 36096K, reserved 1114112K
  class space    used 4559K, committed 4864K, reserved 1048576K
}
Event: 5.875 GC heap after
{Heap after GC invocations=11 (full 0):
 garbage-first heap   total 51200K, used 19139K [0x00000000ca800000, 0x0000000100000000)
  region size 1024K, 2 young (2048K), 2 survivors (2048K)
 Metaspace       used 35557K, committed 36096K, reserved 1114112K
  class space    used 4559K, committed 4864K, reserved 1048576K
}
Event: 6.477 GC heap before
{Heap before GC invocations=12 (full 0):
 garbage-first heap   total 51200K, used 38595K [0x00000000ca800000, 0x0000000100000000)
  region size 1024K, 22 young (22528K), 2 survivors (2048K)
 Metaspace       used 41890K, committed 42432K, reserved 1114112K
  class space    used 5357K, committed 5632K, reserved 1048576K
}
Event: 6.482 GC heap after
{Heap after GC invocations=13 (full 0):
 garbage-first heap   total 51200K, used 21499K [0x00000000ca800000, 0x0000000100000000)
  region size 1024K, 3 young (3072K), 3 survivors (3072K)
 Metaspace       used 41890K, committed 42432K, reserved 1114112K
  class space    used 5357K, committed 5632K, reserved 1048576K
}
Event: 6.933 GC heap before
{Heap before GC invocations=13 (full 0):
 garbage-first heap   total 51200K, used 38907K [0x00000000ca800000, 0x0000000100000000)
  region size 1024K, 20 young (20480K), 3 survivors (3072K)
 Metaspace       used 46797K, committed 47360K, reserved 1114112K
  class space    used 6057K, committed 6336K, reserved 1048576K
}
Event: 6.936 GC heap after
{Heap after GC invocations=14 (full 0):
 garbage-first heap   total 51200K, used 22838K [0x00000000ca800000, 0x0000000100000000)
  region size 1024K, 2 young (2048K), 2 survivors (2048K)
 Metaspace       used 46797K, committed 47360K, reserved 1114112K
  class space    used 6057K, committed 6336K, reserved 1048576K
}

